[debug] [2025-09-13T19:57:48.789Z] ----------------------------------------------------------------------
[debug] [2025-09-13T19:57:48.791Z] Command:       C:\Program Files\nodejs\node.exe C:\Users\Usuario\AppData\Roaming\npm\node_modules\firebase-tools\lib\bin\firebase.js init
[debug] [2025-09-13T19:57:48.792Z] CLI Version:   14.16.0
[debug] [2025-09-13T19:57:48.792Z] Platform:      win32
[debug] [2025-09-13T19:57:48.792Z] Node Version:  v22.12.0
[debug] [2025-09-13T19:57:48.792Z] Time:          Sat Sep 13 2025 15:57:48 GMT-0400 (hora de Venezuela)
[debug] [2025-09-13T19:57:48.792Z] ----------------------------------------------------------------------
[debug] 
[debug] [2025-09-13T19:57:48.797Z] > command requires scopes: ["email","openid","https://www.googleapis.com/auth/cloudplatformprojects.readonly","https://www.googleapis.com/auth/firebase","https://www.googleapis.com/auth/cloud-platform"]
[debug] [2025-09-13T19:57:48.798Z] > authorizing via signed-in user (diegoalarcon310800@gmail.com)
[info] 
     ######## #### ########  ######## ########     ###     ######  ########
     ##        ##  ##     ## ##       ##     ##  ##   ##  ##       ##
     ######    ##  ########  ######   ########  #########  ######  ######
     ##        ##  ##    ##  ##       ##     ## ##     ##       ## ##
     ##       #### ##     ## ######## ########  ##     ##  ######  ########

You're about to initialize a Firebase project in this directory:

  C:\Users\Usuario\OneDrive\Desktop\ideagrafik

[info] 
=== Project Setup
[info] 
[info] First, let's associate this project directory with a Firebase project.
[info] You can create multiple project aliases by running firebase use --add, 
[info] but for now we'll just set up a default project.
[info] 
[debug] [2025-09-13T20:01:31.648Z] Checked if tokens are valid: true, expires at: 1757796334180
[debug] [2025-09-13T20:01:31.648Z] Checked if tokens are valid: true, expires at: 1757796334180
[debug] [2025-09-13T20:01:31.649Z] >>> [apiv2][query] GET https://firebase.googleapis.com/v1beta1/projects pageSize=100
[debug] [2025-09-13T20:01:32.256Z] <<< [apiv2][status] GET https://firebase.googleapis.com/v1beta1/projects 200
[debug] [2025-09-13T20:01:32.256Z] <<< [apiv2][body] GET https://firebase.googleapis.com/v1beta1/projects [omitted]
[info] i  Using project ideagrafik-dd035 (ideagrafik) 
[info] 
=== Hosting Setup
[debug] [2025-09-13T20:01:42.362Z] Checked if tokens are valid: true, expires at: 1757796334180
[debug] [2025-09-13T20:01:42.362Z] Checked if tokens are valid: true, expires at: 1757796334180
[debug] [2025-09-13T20:01:42.362Z] >>> [apiv2][query] GET https://firebase.googleapis.com/v1beta1/projects/ideagrafik-dd035 [none]
[debug] [2025-09-13T20:01:42.790Z] <<< [apiv2][status] GET https://firebase.googleapis.com/v1beta1/projects/ideagrafik-dd035 200
[debug] [2025-09-13T20:01:42.790Z] <<< [apiv2][body] GET https://firebase.googleapis.com/v1beta1/projects/ideagrafik-dd035 {"projectId":"ideagrafik-dd035","projectNumber":"412292476932","displayName":"ideagrafik","name":"projects/ideagrafik-dd035","resources":{"hostingSite":"ideagrafik-dd035"},"state":"ACTIVE","etag":"1_274c5426-c329-4e03-a110-6df892df5ba3"}
[info] 
[info] Your public directory is the folder (relative to your project directory) that
[info] will contain Hosting assets to be uploaded with firebase deploy. If you
[info] have a build process for your assets, use your build's output directory.
[info] 
[debug] [2025-09-13T20:06:31.693Z] >>> [apiv2][query] GET https://www.gstatic.com/firebasejs/releases.json [none]
[debug] [2025-09-13T20:06:31.975Z] <<< [apiv2][status] GET https://www.gstatic.com/firebasejs/releases.json 200
[debug] [2025-09-13T20:06:31.975Z] <<< [apiv2][body] GET https://www.gstatic.com/firebasejs/releases.json {"current":{"version":"12.2.1","browserURL":"https://www.gstatic.com/firebasejs/12.2.1/firebase.js","packageURL":"https://www.gstatic.com/firebasejs/12.2.1/firebase.tgz"},"live":{"version":"12.2","browserURL":"https://www.gstatic.com/firebasejs/live/12.2/firebase.js","packageURL":"https://www.gstatic.com/firebasejs/live/12.2/firebase.tgz"},"components":{"ai":"https://www.gstatic.com/firebasejs/12.2.1/firebase-ai.js","analytics":"https://www.gstatic.com/firebasejs/12.2.1/firebase-analytics.js","app":"https://www.gstatic.com/firebasejs/12.2.1/firebase-app.js","app-check":"https://www.gstatic.com/firebasejs/12.2.1/firebase-app-check.js","auth":"https://www.gstatic.com/firebasejs/12.2.1/firebase-auth.js","auth/cordova":"https://www.gstatic.com/firebasejs/12.2.1/firebase-auth/cordova.js","auth/web-extension":"https://www.gstatic.com/firebasejs/12.2.1/firebase-auth/web-extension.js","functions":"https://www.gstatic.com/firebasejs/12.2.1/firebase-functions.js","firestore":"https://www.gstatic.com/firebasejs/12.2.1/firebase-firestore.js","firestore/lite":"https://www.gstatic.com/firebasejs/12.2.1/firebase-firestore/lite.js","installations":"https://www.gstatic.com/firebasejs/12.2.1/firebase-installations.js","storage":"https://www.gstatic.com/firebasejs/12.2.1/firebase-storage.js","performance":"https://www.gstatic.com/firebasejs/12.2.1/firebase-performance.js","remote-config":"https://www.gstatic.com/firebasejs/12.2.1/firebase-remote-config.js","messaging":"https://www.gstatic.com/firebasejs/12.2.1/firebase-messaging.js","messaging/sw":"https://www.gstatic.com/firebasejs/12.2.1/firebase-messaging/sw.js","database":"https://www.gstatic.com/firebasejs/12.2.1/firebase-database.js","data-connect":"https://www.gstatic.com/firebasejs/12.2.1/firebase-data-connect.js","firestore.memory":"https://www.gstatic.com/firebasejs/12.2.1/firebase-firestore.memory.js"}}
[info] i  Skipping write of ./index.html 
[info] 
[info] i  Didn't detect a .git folder. Assuming C:\Users\Usuario\OneDrive\Desktop\ideagrafik is the project root. 
[info] i  Authorizing with GitHub to upload your service account to a GitHub repository's secrets store. 
[info] 
[info] Visit this URL on this device to log in:
[info] https://github.com/login/oauth/authorize?client_id=89cf50f02ac6aaed3484&state=736203189&redirect_uri=http%3A%2F%2Flocalhost%3A9005&scope=read%3Auser%20repo%20public_repo
[info] 
[info] Waiting for authentication...
[debug] [2025-09-13T20:08:29.655Z] >>> [apiv2][query] POST https://github.com/login/oauth/access_token [none]
[debug] [2025-09-13T20:08:29.655Z] >>> [apiv2][body] POST https://github.com/login/oauth/access_token [stream]
[debug] [2025-09-13T20:08:30.016Z] <<< [apiv2][status] POST https://github.com/login/oauth/access_token 200
[debug] [2025-09-13T20:08:30.017Z] <<< [apiv2][body] POST https://github.com/login/oauth/access_token {"access_token":"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","token_type":"bearer","scope":"read:user,repo"}
[debug] [2025-09-13T20:08:30.020Z] >>> [apiv2][query] GET https://api.github.com/user [none]
[debug] [2025-09-13T20:08:30.376Z] <<< [apiv2][status] GET https://api.github.com/user 200
[debug] [2025-09-13T20:08:30.376Z] <<< [apiv2][body] GET https://api.github.com/user {"login":"Diego310800Alarcon","id":216559074,"node_id":"U_kgDODOht4g","avatar_url":"https://avatars.githubusercontent.com/u/216559074?v=4","gravatar_id":"","url":"https://api.github.com/users/Diego310800Alarcon","html_url":"https://github.com/Diego310800Alarcon","followers_url":"https://api.github.com/users/Diego310800Alarcon/followers","following_url":"https://api.github.com/users/Diego310800Alarcon/following{/other_user}","gists_url":"https://api.github.com/users/Diego310800Alarcon/gists{/gist_id}","starred_url":"https://api.github.com/users/Diego310800Alarcon/starred{/owner}{/repo}","subscriptions_url":"https://api.github.com/users/Diego310800Alarcon/subscriptions","organizations_url":"https://api.github.com/users/Diego310800Alarcon/orgs","repos_url":"https://api.github.com/users/Diego310800Alarcon/repos","events_url":"https://api.github.com/users/Diego310800Alarcon/events{/privacy}","received_events_url":"https://api.github.com/users/Diego310800Alarcon/received_events","type":"User","user_view_type":"private","site_admin":false,"name":null,"company":null,"blog":"","location":null,"email":null,"hireable":null,"bio":null,"twitter_username":null,"notification_email":null,"public_repos":0,"public_gists":0,"followers":0,"following":0,"created_at":"2025-06-16T14:32:12Z","updated_at":"2025-09-13T17:01:26Z","private_gists":0,"total_private_repos":2,"owned_private_repos":2,"disk_usage":6,"collaborators":0,"two_factor_authentication":false,"plan":{"name":"free","space":976562499,"collaborators":0,"private_repos":10000}}
[info] 
[info] +  Success! Logged into GitHub as Diego310800Alarcon 
[info] 
